This is pdfTeX, Version 3.14159265-2.6-1.40.18 (TeX Live 2017/Debian) (preloaded format=pdflatex 2017.10.25)  8 DEC 2017 22:09
entering extended mode
 restricted \write18 enabled.
 %&-line parsing enabled.
**practica7.tex
(./practica7.tex
LaTeX2e <2017-04-15>
Babel <3.13> and hyphenation patterns for 84 language(s) loaded.
(/usr/share/texlive/texmf-dist/tex/latex/base/article.cls
Document Class: article 2014/09/29 v1.4h Standard LaTeX document class
(/usr/share/texlive/texmf-dist/tex/latex/base/size12.clo
File: size12.clo 2014/09/29 v1.4h Standard LaTeX file (size option)
)
\c@part=\count79
\c@section=\count80
\c@subsection=\count81
\c@subsubsection=\count82
\c@paragraph=\count83
\c@subparagraph=\count84
\c@figure=\count85
\c@table=\count86
\abovecaptionskip=\skip41
\belowcaptionskip=\skip42
\bibindent=\dimen102
)
(/usr/share/texlive/texmf-dist/tex/latex/base/inputenc.sty
Package: inputenc 2015/03/17 v1.2c Input encoding file
\inpenc@prehook=\toks14
\inpenc@posthook=\toks15

(/usr/share/texlive/texmf-dist/tex/latex/base/latin1.def
File: latin1.def 2015/03/17 v1.2c Input encoding file
))
(/usr/share/texlive/texmf-dist/tex/latex/graphics/graphicx.sty
Package: graphicx 2017/06/01 v1.1a Enhanced LaTeX Graphics (DPC,SPQR)

(/usr/share/texlive/texmf-dist/tex/latex/graphics/keyval.sty
Package: keyval 2014/10/28 v1.15 key=value parser (DPC)
\KV@toks@=\toks16
)
(/usr/share/texlive/texmf-dist/tex/latex/graphics/graphics.sty
Package: graphics 2017/06/25 v1.2c Standard LaTeX Graphics (DPC,SPQR)

(/usr/share/texlive/texmf-dist/tex/latex/graphics/trig.sty
Package: trig 2016/01/03 v1.10 sin cos tan (DPC)
)
(/usr/share/texlive/texmf-dist/tex/latex/graphics-cfg/graphics.cfg
File: graphics.cfg 2016/06/04 v1.11 sample graphics configuration
)
Package graphics Info: Driver file: pdftex.def on input line 99.

(/usr/share/texlive/texmf-dist/tex/latex/graphics-def/pdftex.def
File: pdftex.def 2017/06/24 v1.0g Graphics/color driver for pdftex
))
\Gin@req@height=\dimen103
\Gin@req@width=\dimen104
)
(/usr/share/texlive/texmf-dist/tex/generic/babel/babel.sty
Package: babel 2017/09/18 3.13 The Babel package

(/usr/share/texlive/texmf-dist/tex/generic/babel/switch.def
File: switch.def 2017/09/18 3.13 Babel switching mechanism
)
(/usr/share/texlive/texmf-dist/tex/generic/babel-spanish/spanish.ldf
Language: spanish.ldf 2016/03/03 v5.0p Spanish support from the babel system

(/usr/share/texlive/texmf-dist/tex/generic/babel/babel.def
File: babel.def 2017/09/18 3.13 Babel common definitions

(/usr/share/texlive/texmf-dist/tex/generic/babel/switch.def
File: switch.def 2017/09/18 3.13 Babel switching mechanism
)
\babel@savecnt=\count87
\U@D=\dimen105
)
\es@quottoks=\toks17
\es@quotdepth=\count88
Package babel Info: Making " an active character on input line 561.
Package babel Info: Making . an active character on input line 662.
Package babel Info: Making < an active character on input line 707.
Package babel Info: Making > an active character on input line 707.
))
(/usr/share/texlive/texmf-dist/tex/latex/float/float.sty
Package: float 2001/11/08 v1.3d Float enhancements (AL)
\c@float@type=\count89
\float@exts=\toks18
\float@box=\box26
\@float@everytoks=\toks19
\@floatcapt=\box27
) (./practica7.aux
LaTeX Info: Redefining \. on input line 6.
LaTeX Info: Redefining \% on input line 6.
)
\openout1 = `practica7.aux'.

LaTeX Font Info:    Checking defaults for OML/cmm/m/it on input line 7.
LaTeX Font Info:    ... okay on input line 7.
LaTeX Font Info:    Checking defaults for T1/cmr/m/n on input line 7.
LaTeX Font Info:    ... okay on input line 7.
LaTeX Font Info:    Checking defaults for OT1/cmr/m/n on input line 7.
LaTeX Font Info:    ... okay on input line 7.
LaTeX Font Info:    Checking defaults for OMS/cmsy/m/n on input line 7.
LaTeX Font Info:    ... okay on input line 7.
LaTeX Font Info:    Checking defaults for OMX/cmex/m/n on input line 7.
LaTeX Font Info:    ... okay on input line 7.
LaTeX Font Info:    Checking defaults for U/cmr/m/n on input line 7.
LaTeX Font Info:    ... okay on input line 7.

(/usr/share/texlive/texmf-dist/tex/context/base/mkii/supp-pdf.mkii
[Loading MPS to PDF converter (version 2006.09.02).]
\scratchcounter=\count90
\scratchdimen=\dimen106
\scratchbox=\box28
\nofMPsegments=\count91
\nofMParguments=\count92
\everyMPshowfont=\toks20
\MPscratchCnt=\count93
\MPscratchDim=\dimen107
\MPnumerator=\count94
\makeMPintoPDFobject=\count95
\everyMPtoPDFconversion=\toks21
) (/usr/share/texlive/texmf-dist/tex/latex/oberdiek/epstopdf-base.sty
Package: epstopdf-base 2016/05/15 v2.6 Base part for package epstopdf

(/usr/share/texlive/texmf-dist/tex/generic/oberdiek/infwarerr.sty
Package: infwarerr 2016/05/16 v1.4 Providing info/warning/error messages (HO)
)
(/usr/share/texlive/texmf-dist/tex/latex/oberdiek/grfext.sty
Package: grfext 2016/05/16 v1.2 Manage graphics extensions (HO)

(/usr/share/texlive/texmf-dist/tex/generic/oberdiek/kvdefinekeys.sty
Package: kvdefinekeys 2016/05/16 v1.4 Define keys (HO)

(/usr/share/texlive/texmf-dist/tex/generic/oberdiek/ltxcmds.sty
Package: ltxcmds 2016/05/16 v1.23 LaTeX kernel commands for general use (HO)
)))
(/usr/share/texlive/texmf-dist/tex/latex/oberdiek/kvoptions.sty
Package: kvoptions 2016/05/16 v3.12 Key value format for package options (HO)

(/usr/share/texlive/texmf-dist/tex/generic/oberdiek/kvsetkeys.sty
Package: kvsetkeys 2016/05/16 v1.17 Key value parser (HO)

(/usr/share/texlive/texmf-dist/tex/generic/oberdiek/etexcmds.sty
Package: etexcmds 2016/05/16 v1.6 Avoid name clashes with e-TeX commands (HO)

(/usr/share/texlive/texmf-dist/tex/generic/oberdiek/ifluatex.sty
Package: ifluatex 2016/05/16 v1.4 Provides the ifluatex switch (HO)
Package ifluatex Info: LuaTeX not detected.
)
Package etexcmds Info: Could not find \expanded.
(etexcmds)             That can mean that you are not using pdfTeX 1.50 or
(etexcmds)             that some package has redefined \expanded.
(etexcmds)             In the latter case, load this package earlier.
)))
(/usr/share/texlive/texmf-dist/tex/generic/oberdiek/pdftexcmds.sty
Package: pdftexcmds 2017/03/19 v0.25 Utility functions of pdfTeX for LuaTeX (HO
)

(/usr/share/texlive/texmf-dist/tex/generic/oberdiek/ifpdf.sty
Package: ifpdf 2017/03/15 v3.2 Provides the ifpdf switch
)
Package pdftexcmds Info: LuaTeX not detected.
Package pdftexcmds Info: \pdf@primitive is available.
Package pdftexcmds Info: \pdf@ifprimitive is available.
Package pdftexcmds Info: \pdfdraftmode found.
)
Package epstopdf-base Info: Redefining graphics rule for `.eps' on input line 4
38.
Package grfext Info: Graphics extension search list:
(grfext)             [.pdf,.png,.jpg,.mps,.jpeg,.jbig2,.jb2,.PDF,.PNG,.JPG,.JPE
G,.JBIG2,.JB2,.eps]
(grfext)             \AppendGraphicsExtensions on input line 456.

(/usr/share/texlive/texmf-dist/tex/latex/latexconfig/epstopdf-sys.cfg
File: epstopdf-sys.cfg 2010/07/13 v1.3 Configuration of (r)epstopdf for TeX Liv
e
))
LaTeX Info: Redefining \. on input line 7.
LaTeX Info: Redefining \% on input line 7.

Underfull \hbox (badness 10000) in paragraph at lines 9--10

 []

[1

{/var/lib/texmf/fonts/map/pdftex/updmap/pdftex.map}] [2]
LaTeX Font Info:    External font `cmex10' loaded for size
(Font)              <12> on input line 52.
LaTeX Font Info:    External font `cmex10' loaded for size
(Font)              <8> on input line 52.
LaTeX Font Info:    External font `cmex10' loaded for size
(Font)              <6> on input line 52.
<./imgs/1.png, id=13, 1371.1225pt x 770.88pt>
File: ./imgs/1.png Graphic file (type png)
<use ./imgs/1.png>
Package pdftex.def Info: ./imgs/1.png  used on input line 57. on input line 57.

Package pdftex.def Info: Requested size: 400.0pt x 224.89041pt on input line 57
.

Overfull \hbox (58.56694pt too wide) in paragraph at lines 57--58
[][] 
 []

<./imgs/2.png, id=15, 1371.1225pt x 770.88pt>
File: ./imgs/2.png Graphic file (type png)
<use ./imgs/2.png>
Package pdftex.def Info: ./imgs/2.png  used on input line 71. on input line 71.

Package pdftex.def Info: Requested size: 400.0pt x 224.89041pt on input line 71
.

Overfull \hbox (58.56694pt too wide) in paragraph at lines 71--72
[][] 
 []

[3 <./imgs/1.png>]
<./imgs/3.png, id=20, 1371.1225pt x 770.88pt>
File: ./imgs/3.png Graphic file (type png)
<use ./imgs/3.png>
Package pdftex.def Info: ./imgs/3.png  used on input line 82. on input line 82.

Package pdftex.def Info: Requested size: 400.0pt x 224.89041pt on input line 82
.

Overfull \hbox (58.56694pt too wide) in paragraph at lines 82--83
[][] 
 []

[4 <./imgs/2.png>]
<./imgs/4.png, id=25, 1371.1225pt x 770.88pt>
File: ./imgs/4.png Graphic file (type png)
<use ./imgs/4.png>
Package pdftex.def Info: ./imgs/4.png  used on input line 93. on input line 93.

Package pdftex.def Info: Requested size: 400.0pt x 224.89041pt on input line 93
.

Overfull \hbox (58.56694pt too wide) in paragraph at lines 93--94
[][] 
 []

[5 <./imgs/3.png>]
<./imgs/5.png, id=30, 1371.1225pt x 770.88pt>
File: ./imgs/5.png Graphic file (type png)
<use ./imgs/5.png>
Package pdftex.def Info: ./imgs/5.png  used on input line 104. on input line 10
4.
Package pdftex.def Info: Requested size: 400.0pt x 224.89041pt on input line 10
4.

Overfull \hbox (58.56694pt too wide) in paragraph at lines 104--105
[][] 
 []

[6 <./imgs/4.png>] [7 <./imgs/5.png>] [8] (./practica7.aux
LaTeX Info: Redefining \. on input line 6.
LaTeX Info: Redefining \% on input line 6.
) ) 
Here is how much of TeX's memory you used:
 2446 strings out of 492990
 33896 string characters out of 6135004
 96956 words of memory out of 5000000
 5979 multiletter control sequences out of 15000+600000
 8798 words of font info for 31 fonts, out of 8000000 for 9000
 1141 hyphenation exceptions out of 8191
 41i,7n,30p,404b,359s stack positions out of 5000i,500n,10000p,200000b,80000s
</usr/share/texlive/texmf-dist/fonts/type1/public/amsfonts/cm/cmbx12.pfb></u
sr/share/texlive/texmf-dist/fonts/type1/public/amsfonts/cm/cmr12.pfb></usr/shar
e/texlive/texmf-dist/fonts/type1/public/amsfonts/cm/cmr17.pfb></usr/share/texli
ve/texmf-dist/fonts/type1/public/amsfonts/cm/cmti12.pfb></usr/share/texlive/tex
mf-dist/fonts/type1/public/amsfonts/cm/cmtt12.pfb>
Output written on practica7.pdf (8 pages, 673159 bytes).
PDF statistics:
 62 PDF objects out of 1000 (max. 8388607)
 36 compressed objects within 1 object stream
 0 named destinations out of 1000 (max. 500000)
 26 words of extra memory for PDF output out of 10000 (max. 10000000)

