This is pdfTeX, Version 3.14159265-2.6-1.40.18 (TeX Live 2017/Debian) (preloaded format=pdflatex 2017.8.25)  2 SEP 2017 19:51
entering extended mode
 restricted \write18 enabled.
 %&-line parsing enabled.
**pract1.tex
(./pract1.tex
LaTeX2e <2017-04-15>
Babel <3.12> and hyphenation patterns for 84 language(s) loaded.
(/usr/share/texlive/texmf-dist/tex/latex/base/article.cls
Document Class: article 2014/09/29 v1.4h Standard LaTeX document class
(/usr/share/texlive/texmf-dist/tex/latex/base/size12.clo
File: size12.clo 2014/09/29 v1.4h Standard LaTeX file (size option)
)
\c@part=\count79
\c@section=\count80
\c@subsection=\count81
\c@subsubsection=\count82
\c@paragraph=\count83
\c@subparagraph=\count84
\c@figure=\count85
\c@table=\count86
\abovecaptionskip=\skip41
\belowcaptionskip=\skip42
\bibindent=\dimen102
)
(/usr/share/texlive/texmf-dist/tex/latex/base/inputenc.sty
Package: inputenc 2015/03/17 v1.2c Input encoding file
\inpenc@prehook=\toks14
\inpenc@posthook=\toks15

(/usr/share/texlive/texmf-dist/tex/latex/base/latin1.def
File: latin1.def 2015/03/17 v1.2c Input encoding file
))
(/usr/share/texlive/texmf-dist/tex/latex/graphics/graphicx.sty
Package: graphicx 2017/06/01 v1.1a Enhanced LaTeX Graphics (DPC,SPQR)

(/usr/share/texlive/texmf-dist/tex/latex/graphics/keyval.sty
Package: keyval 2014/10/28 v1.15 key=value parser (DPC)
\KV@toks@=\toks16
)
(/usr/share/texlive/texmf-dist/tex/latex/graphics/graphics.sty
Package: graphics 2017/06/25 v1.2c Standard LaTeX Graphics (DPC,SPQR)

(/usr/share/texlive/texmf-dist/tex/latex/graphics/trig.sty
Package: trig 2016/01/03 v1.10 sin cos tan (DPC)
)
(/usr/share/texlive/texmf-dist/tex/latex/graphics-cfg/graphics.cfg
File: graphics.cfg 2016/06/04 v1.11 sample graphics configuration
)
Package graphics Info: Driver file: pdftex.def on input line 99.

(/usr/share/texlive/texmf-dist/tex/latex/graphics-def/pdftex.def
File: pdftex.def 2017/06/24 v1.0g Graphics/color driver for pdftex
))
\Gin@req@height=\dimen103
\Gin@req@width=\dimen104
)
(./pract1.aux)
\openout1 = `pract1.aux'.

LaTeX Font Info:    Checking defaults for OML/cmm/m/it on input line 9.
LaTeX Font Info:    ... okay on input line 9.
LaTeX Font Info:    Checking defaults for T1/cmr/m/n on input line 9.
LaTeX Font Info:    ... okay on input line 9.
LaTeX Font Info:    Checking defaults for OT1/cmr/m/n on input line 9.
LaTeX Font Info:    ... okay on input line 9.
LaTeX Font Info:    Checking defaults for OMS/cmsy/m/n on input line 9.
LaTeX Font Info:    ... okay on input line 9.
LaTeX Font Info:    Checking defaults for OMX/cmex/m/n on input line 9.
LaTeX Font Info:    ... okay on input line 9.
LaTeX Font Info:    Checking defaults for U/cmr/m/n on input line 9.
LaTeX Font Info:    ... okay on input line 9.

(/usr/share/texlive/texmf-dist/tex/context/base/mkii/supp-pdf.mkii
[Loading MPS to PDF converter (version 2006.09.02).]
\scratchcounter=\count87
\scratchdimen=\dimen105
\scratchbox=\box26
\nofMPsegments=\count88
\nofMParguments=\count89
\everyMPshowfont=\toks17
\MPscratchCnt=\count90
\MPscratchDim=\dimen106
\MPnumerator=\count91
\makeMPintoPDFobject=\count92
\everyMPtoPDFconversion=\toks18
) (/usr/share/texlive/texmf-dist/tex/latex/oberdiek/epstopdf-base.sty
Package: epstopdf-base 2016/05/15 v2.6 Base part for package epstopdf

(/usr/share/texlive/texmf-dist/tex/generic/oberdiek/infwarerr.sty
Package: infwarerr 2016/05/16 v1.4 Providing info/warning/error messages (HO)
)
(/usr/share/texlive/texmf-dist/tex/latex/oberdiek/grfext.sty
Package: grfext 2016/05/16 v1.2 Manage graphics extensions (HO)

(/usr/share/texlive/texmf-dist/tex/generic/oberdiek/kvdefinekeys.sty
Package: kvdefinekeys 2016/05/16 v1.4 Define keys (HO)

(/usr/share/texlive/texmf-dist/tex/generic/oberdiek/ltxcmds.sty
Package: ltxcmds 2016/05/16 v1.23 LaTeX kernel commands for general use (HO)
)))
(/usr/share/texlive/texmf-dist/tex/latex/oberdiek/kvoptions.sty
Package: kvoptions 2016/05/16 v3.12 Key value format for package options (HO)

(/usr/share/texlive/texmf-dist/tex/generic/oberdiek/kvsetkeys.sty
Package: kvsetkeys 2016/05/16 v1.17 Key value parser (HO)

(/usr/share/texlive/texmf-dist/tex/generic/oberdiek/etexcmds.sty
Package: etexcmds 2016/05/16 v1.6 Avoid name clashes with e-TeX commands (HO)

(/usr/share/texlive/texmf-dist/tex/generic/oberdiek/ifluatex.sty
Package: ifluatex 2016/05/16 v1.4 Provides the ifluatex switch (HO)
Package ifluatex Info: LuaTeX not detected.
)
Package etexcmds Info: Could not find \expanded.
(etexcmds)             That can mean that you are not using pdfTeX 1.50 or
(etexcmds)             that some package has redefined \expanded.
(etexcmds)             In the latter case, load this package earlier.
)))
(/usr/share/texlive/texmf-dist/tex/generic/oberdiek/pdftexcmds.sty
Package: pdftexcmds 2017/03/19 v0.25 Utility functions of pdfTeX for LuaTeX (HO
)

(/usr/share/texlive/texmf-dist/tex/generic/oberdiek/ifpdf.sty
Package: ifpdf 2017/03/15 v3.2 Provides the ifpdf switch
)
Package pdftexcmds Info: LuaTeX not detected.
Package pdftexcmds Info: \pdf@primitive is available.
Package pdftexcmds Info: \pdf@ifprimitive is available.
Package pdftexcmds Info: \pdfdraftmode found.
)
Package epstopdf-base Info: Redefining graphics rule for `.eps' on input line 4
38.
Package grfext Info: Graphics extension search list:
(grfext)             [.pdf,.png,.jpg,.mps,.jpeg,.jbig2,.jb2,.PDF,.PNG,.JPG,.JPE
G,.JBIG2,.JB2,.eps]
(grfext)             \AppendGraphicsExtensions on input line 456.

(/usr/share/texlive/texmf-dist/tex/latex/latexconfig/epstopdf-sys.cfg
File: epstopdf-sys.cfg 2010/07/13 v1.3 Configuration of (r)epstopdf for TeX Liv
e
))
Underfull \hbox (badness 10000) in paragraph at lines 11--12

 []

[1

{/var/lib/texmf/fonts/map/pdftex/updmap/pdftex.map}]
Underfull \hbox (badness 10000) in paragraph at lines 26--28

 []

[2] [3]
Overfull \hbox (50.2685pt too wide) in paragraph at lines 119--120
[]\OT1/cmr/bx/n/12 /var/www/html/nombre[]pagina.html 
 []


Overfull \hbox (6.9546pt too wide) in paragraph at lines 127--128
[]\OT1/cmr/bx/n/12 localhost/nombre[]pagina.html 
 []

[4]
<./imgs/2.png, id=21, 1371.1225pt x 770.88pt>
File: ./imgs/2.png Graphic file (type png)
<use ./imgs/2.png>
Package pdftex.def Info: ./imgs/2.png  used on input line 135. on input line 13
5.
Package pdftex.def Info: Requested size: 400.0pt x 224.89041pt on input line 13
5.

Overfull \hbox (10.0pt too wide) in paragraph at lines 135--136
[][] 
 []

File: ./imgs/2.png Graphic file (type png)
<use ./imgs/2.png>
Package pdftex.def Info: ./imgs/2.png  used on input line 141. on input line 14
1.
Package pdftex.def Info: Requested size: 400.0pt x 224.89041pt on input line 14
1.

Overfull \hbox (10.0pt too wide) in paragraph at lines 141--142
[][] 
 []


LaTeX Warning: `h' float specifier changed to `ht'.

<./imgs/1.png, id=23, 1371.1225pt x 770.88pt>
File: ./imgs/1.png Graphic file (type png)
<use ./imgs/1.png>
Package pdftex.def Info: ./imgs/1.png  used on input line 147. on input line 14
7.
Package pdftex.def Info: Requested size: 400.0pt x 224.89041pt on input line 14
7.

Overfull \hbox (10.0pt too wide) in paragraph at lines 147--148
[][] 
 []

File: ./imgs/2.png Graphic file (type png)
<use ./imgs/2.png>
Package pdftex.def Info: ./imgs/2.png  used on input line 153. on input line 15
3.
Package pdftex.def Info: Requested size: 400.0pt x 224.89041pt on input line 15
3.

Overfull \hbox (10.0pt too wide) in paragraph at lines 153--154
[][] 
 []

<./imgs/3.png, id=24, 1371.1225pt x 770.88pt>
File: ./imgs/3.png Graphic file (type png)
<use ./imgs/3.png>
Package pdftex.def Info: ./imgs/3.png  used on input line 159. on input line 15
9.
Package pdftex.def Info: Requested size: 400.0pt x 224.89041pt on input line 15
9.

Overfull \hbox (10.0pt too wide) in paragraph at lines 159--160
[][] 
 []

<./imgs/6.png, id=25, 1371.1225pt x 770.88pt>
File: ./imgs/6.png Graphic file (type png)
<use ./imgs/6.png>
Package pdftex.def Info: ./imgs/6.png  used on input line 165. on input line 16
5.
Package pdftex.def Info: Requested size: 400.0pt x 224.89041pt on input line 16
5.

Overfull \hbox (10.0pt too wide) in paragraph at lines 165--166
[][] 
 []


LaTeX Warning: `h' float specifier changed to `ht'.

[5 <./imgs/2.png>]

LaTeX Warning: Text page 6 contains only floats.

[6 <./imgs/1.png>]

LaTeX Warning: Text page 7 contains only floats.

[7 <./imgs/3.png>] [8 <./imgs/6.png>] (./pract1.aux) ) 
Here is how much of TeX's memory you used:
 1504 strings out of 492990
 21647 string characters out of 6135005
 78153 words of memory out of 5000000
 5065 multiletter control sequences out of 15000+600000
 7364 words of font info for 26 fonts, out of 8000000 for 9000
 1141 hyphenation exceptions out of 8191
 41i,5n,25p,327b,334s stack positions out of 5000i,500n,10000p,200000b,80000s
</usr/share/texlive/texmf
-dist/fonts/type1/public/amsfonts/cm/cmbx12.pfb></usr/share/texlive/texmf-dist/
fonts/type1/public/amsfonts/cm/cmbxti10.pfb></usr/share/texlive/texmf-dist/font
s/type1/public/amsfonts/cm/cmr12.pfb></usr/share/texlive/texmf-dist/fonts/type1
/public/amsfonts/cm/cmr17.pfb></usr/share/texlive/texmf-dist/fonts/type1/public
/amsfonts/cm/cmti12.pfb></usr/share/texlive/texmf-dist/fonts/type1/public/amsfo
nts/cm/cmtt12.pfb>
Output written on pract1.pdf (8 pages, 4050843 bytes).
PDF statistics:
 64 PDF objects out of 1000 (max. 8388607)
 39 compressed objects within 1 object stream
 0 named destinations out of 1000 (max. 500000)
 21 words of extra memory for PDF output out of 10000 (max. 10000000)

