This is pdfTeX, Version 3.14159265-2.6-1.40.18 (TeX Live 2017/Debian) (preloaded format=pdflatex 2017.8.25)  3 SEP 2017 12:52
entering extended mode
 restricted \write18 enabled.
 %&-line parsing enabled.
**p2.tex
(./p2.tex
LaTeX2e <2017-04-15>
Babel <3.12> and hyphenation patterns for 84 language(s) loaded.
(/usr/share/texlive/texmf-dist/tex/latex/base/article.cls
Document Class: article 2014/09/29 v1.4h Standard LaTeX document class
(/usr/share/texlive/texmf-dist/tex/latex/base/size12.clo
File: size12.clo 2014/09/29 v1.4h Standard LaTeX file (size option)
)
\c@part=\count79
\c@section=\count80
\c@subsection=\count81
\c@subsubsection=\count82
\c@paragraph=\count83
\c@subparagraph=\count84
\c@figure=\count85
\c@table=\count86
\abovecaptionskip=\skip41
\belowcaptionskip=\skip42
\bibindent=\dimen102
)
(/usr/share/texlive/texmf-dist/tex/generic/babel/babel.sty
Package: babel 2017/06/29 3.12 The Babel package

(/usr/share/texlive/texmf-dist/tex/generic/babel/switch.def
File: switch.def 2017/06/29 3.12 Babel switching mechanism
)
(/usr/share/texlive/texmf-dist/tex/generic/babel-spanish/spanish.ldf
Language: spanish.ldf 2016/03/03 v5.0p Spanish support from the babel system

(/usr/share/texlive/texmf-dist/tex/generic/babel/babel.def
File: babel.def 2017/06/29 3.12 Babel common definitions

(/usr/share/texlive/texmf-dist/tex/generic/babel/switch.def
File: switch.def 2017/06/29 3.12 Babel switching mechanism
)
\babel@savecnt=\count87
\U@D=\dimen103
)
\es@quottoks=\toks14
\es@quotdepth=\count88
Package babel Info: Making " an active character on input line 561.
Package babel Info: Making . an active character on input line 662.
Package babel Info: Making < an active character on input line 707.
Package babel Info: Making > an active character on input line 707.
))
(/usr/share/texlive/texmf-dist/tex/latex/base/inputenc.sty
Package: inputenc 2015/03/17 v1.2c Input encoding file
\inpenc@prehook=\toks15
\inpenc@posthook=\toks16

(/usr/share/texlive/texmf-dist/tex/latex/base/latin1.def
File: latin1.def 2015/03/17 v1.2c Input encoding file
))
(/usr/share/texlive/texmf-dist/tex/latex/graphics/graphicx.sty
Package: graphicx 2017/06/01 v1.1a Enhanced LaTeX Graphics (DPC,SPQR)

(/usr/share/texlive/texmf-dist/tex/latex/graphics/keyval.sty
Package: keyval 2014/10/28 v1.15 key=value parser (DPC)
\KV@toks@=\toks17
)
(/usr/share/texlive/texmf-dist/tex/latex/graphics/graphics.sty
Package: graphics 2017/06/25 v1.2c Standard LaTeX Graphics (DPC,SPQR)

(/usr/share/texlive/texmf-dist/tex/latex/graphics/trig.sty
Package: trig 2016/01/03 v1.10 sin cos tan (DPC)
)
(/usr/share/texlive/texmf-dist/tex/latex/graphics-cfg/graphics.cfg
File: graphics.cfg 2016/06/04 v1.11 sample graphics configuration
)
Package graphics Info: Driver file: pdftex.def on input line 99.

(/usr/share/texlive/texmf-dist/tex/latex/graphics-def/pdftex.def
File: pdftex.def 2017/06/24 v1.0g Graphics/color driver for pdftex
))
\Gin@req@height=\dimen104
\Gin@req@width=\dimen105
) (./p2.aux
LaTeX Info: Redefining \. on input line 6.
LaTeX Info: Redefining \% on input line 6.
)
\openout1 = `p2.aux'.

LaTeX Font Info:    Checking defaults for OML/cmm/m/it on input line 8.
LaTeX Font Info:    ... okay on input line 8.
LaTeX Font Info:    Checking defaults for T1/cmr/m/n on input line 8.
LaTeX Font Info:    ... okay on input line 8.
LaTeX Font Info:    Checking defaults for OT1/cmr/m/n on input line 8.
LaTeX Font Info:    ... okay on input line 8.
LaTeX Font Info:    Checking defaults for OMS/cmsy/m/n on input line 8.
LaTeX Font Info:    ... okay on input line 8.
LaTeX Font Info:    Checking defaults for OMX/cmex/m/n on input line 8.
LaTeX Font Info:    ... okay on input line 8.
LaTeX Font Info:    Checking defaults for U/cmr/m/n on input line 8.
LaTeX Font Info:    ... okay on input line 8.
LaTeX Info: Redefining \. on input line 8.
LaTeX Info: Redefining \% on input line 8.

(/usr/share/texlive/texmf-dist/tex/context/base/mkii/supp-pdf.mkii
[Loading MPS to PDF converter (version 2006.09.02).]
\scratchcounter=\count89
\scratchdimen=\dimen106
\scratchbox=\box26
\nofMPsegments=\count90
\nofMParguments=\count91
\everyMPshowfont=\toks18
\MPscratchCnt=\count92
\MPscratchDim=\dimen107
\MPnumerator=\count93
\makeMPintoPDFobject=\count94
\everyMPtoPDFconversion=\toks19
) (/usr/share/texlive/texmf-dist/tex/latex/oberdiek/epstopdf-base.sty
Package: epstopdf-base 2016/05/15 v2.6 Base part for package epstopdf

(/usr/share/texlive/texmf-dist/tex/generic/oberdiek/infwarerr.sty
Package: infwarerr 2016/05/16 v1.4 Providing info/warning/error messages (HO)
)
(/usr/share/texlive/texmf-dist/tex/latex/oberdiek/grfext.sty
Package: grfext 2016/05/16 v1.2 Manage graphics extensions (HO)

(/usr/share/texlive/texmf-dist/tex/generic/oberdiek/kvdefinekeys.sty
Package: kvdefinekeys 2016/05/16 v1.4 Define keys (HO)

(/usr/share/texlive/texmf-dist/tex/generic/oberdiek/ltxcmds.sty
Package: ltxcmds 2016/05/16 v1.23 LaTeX kernel commands for general use (HO)
)))
(/usr/share/texlive/texmf-dist/tex/latex/oberdiek/kvoptions.sty
Package: kvoptions 2016/05/16 v3.12 Key value format for package options (HO)

(/usr/share/texlive/texmf-dist/tex/generic/oberdiek/kvsetkeys.sty
Package: kvsetkeys 2016/05/16 v1.17 Key value parser (HO)

(/usr/share/texlive/texmf-dist/tex/generic/oberdiek/etexcmds.sty
Package: etexcmds 2016/05/16 v1.6 Avoid name clashes with e-TeX commands (HO)

(/usr/share/texlive/texmf-dist/tex/generic/oberdiek/ifluatex.sty
Package: ifluatex 2016/05/16 v1.4 Provides the ifluatex switch (HO)
Package ifluatex Info: LuaTeX not detected.
)
Package etexcmds Info: Could not find \expanded.
(etexcmds)             That can mean that you are not using pdfTeX 1.50 or
(etexcmds)             that some package has redefined \expanded.
(etexcmds)             In the latter case, load this package earlier.
)))
(/usr/share/texlive/texmf-dist/tex/generic/oberdiek/pdftexcmds.sty
Package: pdftexcmds 2017/03/19 v0.25 Utility functions of pdfTeX for LuaTeX (HO
)

(/usr/share/texlive/texmf-dist/tex/generic/oberdiek/ifpdf.sty
Package: ifpdf 2017/03/15 v3.2 Provides the ifpdf switch
)
Package pdftexcmds Info: LuaTeX not detected.
Package pdftexcmds Info: \pdf@primitive is available.
Package pdftexcmds Info: \pdf@ifprimitive is available.
Package pdftexcmds Info: \pdfdraftmode found.
)
Package epstopdf-base Info: Redefining graphics rule for `.eps' on input line 4
38.
Package grfext Info: Graphics extension search list:
(grfext)             [.pdf,.png,.jpg,.mps,.jpeg,.jbig2,.jb2,.PDF,.PNG,.JPG,.JPE
G,.JBIG2,.JB2,.eps]
(grfext)             \AppendGraphicsExtensions on input line 456.

(/usr/share/texlive/texmf-dist/tex/latex/latexconfig/epstopdf-sys.cfg
File: epstopdf-sys.cfg 2010/07/13 v1.3 Configuration of (r)epstopdf for TeX Liv
e
))
Underfull \hbox (badness 10000) in paragraph at lines 10--11

 []

[1

{/var/lib/texmf/fonts/map/pdftex/updmap/pdftex.map}]
Underfull \hbox (badness 10000) in paragraph at lines 25--29

 []


Underfull \hbox (badness 10000) in paragraph at lines 25--29

 []

[2]
<./imgs/plantilla.png, id=14, 642.4pt x 401.5pt>
File: ./imgs/plantilla.png Graphic file (type png)
<use ./imgs/plantilla.png>
Package pdftex.def Info: ./imgs/plantilla.png  used on input line 40. on input 
line 40.
Package pdftex.def Info: Requested size: 400.0pt x 250.00566pt on input line 40
.

Overfull \hbox (10.0pt too wide) in paragraph at lines 40--42
[][]
 []

[3 <./imgs/plantilla.png>]
<./imgs/layout.png, id=20, 1371.1225pt x 716.6775pt>
File: ./imgs/layout.png Graphic file (type png)
<use ./imgs/layout.png>
Package pdftex.def Info: ./imgs/layout.png  used on input line 52. on input lin
e 52.
Package pdftex.def Info: Requested size: 411.33992pt x 215.00491pt on input lin
e 52.

Overfull \hbox (21.33992pt too wide) in paragraph at lines 52--54
[][]
 []

<./imgs/inicio.png, id=21, 1371.1225pt x 611.28375pt>
File: ./imgs/inicio.png Graphic file (type png)
<use ./imgs/inicio.png>
Package pdftex.def Info: ./imgs/inicio.png  used on input line 63. on input lin
e 63.
Package pdftex.def Info: Requested size: 411.33992pt x 183.38654pt on input lin
e 63.

Overfull \hbox (21.33992pt too wide) in paragraph at lines 63--65
[][]
 []

[4 <./imgs/layout.png> <./imgs/inicio.png>]
<./imgs/contactos.png, id=27, 1371.1225pt x 519.9425pt>
File: ./imgs/contactos.png Graphic file (type png)
<use ./imgs/contactos.png>
Package pdftex.def Info: ./imgs/contactos.png  used on input line 74. on input 
line 74.
Package pdftex.def Info: Requested size: 411.33992pt x 155.98395pt on input lin
e 74.

Overfull \hbox (21.33992pt too wide) in paragraph at lines 74--76
[][]
 []

<./imgs/random.png, id=28, 1371.1225pt x 748.7975pt>
File: ./imgs/random.png Graphic file (type png)
<use ./imgs/random.png>
Package pdftex.def Info: ./imgs/random.png  used on input line 83. on input lin
e 83.
Package pdftex.def Info: Requested size: 411.33992pt x 224.64098pt on input lin
e 83.

Overfull \hbox (21.33992pt too wide) in paragraph at lines 83--85
[][]
 []

[5 <./imgs/contactos.png> <./imgs/random.png>]
<./imgs/hob.png, id=34, 1371.1225pt x 738.76pt>
File: ./imgs/hob.png Graphic file (type png)
<use ./imgs/hob.png>
Package pdftex.def Info: ./imgs/hob.png  used on input line 94. on input line 9
4.
Package pdftex.def Info: Requested size: 411.33992pt x 221.6297pt on input line
 94.

Overfull \hbox (21.33992pt too wide) in paragraph at lines 94--96
[][]
 []

<./imgs/tutohtml.png, id=35, 1371.1225pt x 770.88pt>
File: ./imgs/tutohtml.png Graphic file (type png)
<use ./imgs/tutohtml.png>
Package pdftex.def Info: ./imgs/tutohtml.png  used on input line 107. on input 
line 107.
Package pdftex.def Info: Requested size: 274.21964pt x 154.17326pt on input lin
e 107.
[6 <./imgs/hob.png> <./imgs/tutohtml.png>]
<./imgs/tuto.png, id=41, 1371.1225pt x 421.575pt>
File: ./imgs/tuto.png Graphic file (type png)
<use ./imgs/tuto.png>
Package pdftex.def Info: ./imgs/tuto.png  used on input line 118. on input line
 118.
Package pdftex.def Info: Requested size: 411.33992pt x 126.47346pt on input lin
e 118.

Overfull \hbox (21.33992pt too wide) in paragraph at lines 118--120
[][]
 []

[7 <./imgs/tuto.png>]
<./imgs/cabecera.png, id=48, 1371.1225pt x 732.7375pt>
File: ./imgs/cabecera.png Graphic file (type png)
<use ./imgs/cabecera.png>
Package pdftex.def Info: ./imgs/cabecera.png  used on input line 137. on input 
line 137.
Package pdftex.def Info: Requested size: 411.33992pt x 219.82294pt on input lin
e 137.

Overfull \hbox (21.33992pt too wide) in paragraph at lines 137--139
[][]
 []

<./imgs/body.png, id=49, 1371.1225pt x 654.445pt>
File: ./imgs/body.png Graphic file (type png)
<use ./imgs/body.png>
Package pdftex.def Info: ./imgs/body.png  used on input line 147. on input line
 147.
Package pdftex.def Info: Requested size: 411.33992pt x 196.335pt on input line 
147.

Overfull \hbox (21.33992pt too wide) in paragraph at lines 147--149
[][]
 []

[8 <./imgs/cabecera.png> <./imgs/body.png>]
<./imgs/p.png, id=55, 1371.1225pt x 737.75626pt>
File: ./imgs/p.png Graphic file (type png)
<use ./imgs/p.png>
Package pdftex.def Info: ./imgs/p.png  used on input line 158. on input line 15
8.
Package pdftex.def Info: Requested size: 411.33992pt x 221.32858pt on input lin
e 158.

Overfull \hbox (21.33992pt too wide) in paragraph at lines 158--160
[][]
 []

<./imgs/dire.png, id=56, 807.015pt x 420.57124pt>
File: ./imgs/dire.png Graphic file (type png)
<use ./imgs/dire.png>
Package pdftex.def Info: ./imgs/dire.png  used on input line 168. on input line
 168.
Package pdftex.def Info: Requested size: 403.50652pt x 210.28511pt on input lin
e 168.

Overfull \hbox (13.50652pt too wide) in paragraph at lines 168--170
[][]
 []

[9 <./imgs/p.png> <./imgs/dire.png>] [10] (./p2.aux
LaTeX Info: Redefining \. on input line 6.
LaTeX Info: Redefining \% on input line 6.
) ) 
Here is how much of TeX's memory you used:
 2417 strings out of 492990
 33685 string characters out of 6135005
 96072 words of memory out of 5000000
 5953 multiletter control sequences out of 15000+600000
 6719 words of font info for 24 fonts, out of 8000000 for 9000
 1141 hyphenation exceptions out of 8191
 41i,6n,34p,374b,359s stack positions out of 5000i,500n,10000p,200000b,80000s
</usr/share/texlive/texmf-dist/fonts/type1/public/amsfonts/cm/cmbx12.pfb></u
sr/share/texlive/texmf-dist/fonts/type1/public/amsfonts/cm/cmbxti10.pfb></usr/s
hare/texlive/texmf-dist/fonts/type1/public/amsfonts/cm/cmr12.pfb></usr/share/te
xlive/texmf-dist/fonts/type1/public/amsfonts/cm/cmr17.pfb></usr/share/texlive/t
exmf-dist/fonts/type1/public/amsfonts/cm/cmti12.pfb></usr/share/texlive/texmf-d
ist/fonts/type1/public/amsfonts/cm/cmtt12.pfb>
Output written on p2.pdf (10 pages, 4128942 bytes).
PDF statistics:
 86 PDF objects out of 1000 (max. 8388607)
 43 compressed objects within 1 object stream
 0 named destinations out of 1000 (max. 500000)
 61 words of extra memory for PDF output out of 10000 (max. 10000000)

